[35m[1mScanning dependencies of target remote_commands_node[0m
[ 50%] [32mBuilding CXX object CMakeFiles/remote_commands_node.dir/src/remote_commands.cpp.o[0m
In file included from [01m[K/home/lada/Desktop/catkin_2024/navi_ws/src/remote_commands/src/remote_commands.cpp:19[m[K:
[01m[K/home/lada/Desktop/catkin_2024/navi_ws/src/remote_commands/src/simple_navigation_goal.cpp:2:10:[m[K [01;31m[Kfatal error: [m[Kmove_base_msgs/MoveBaseAction.h: No such file or directory
    2 | #include [01;31m[K<move_base_msgs/MoveBaseAction.h>[m[K
      |          [01;31m[K^~~~~~~~~~~~~~~~~~~~~~~~~~~~~~~~~[m[K
compilation terminated.
make[2]: *** [CMakeFiles/remote_commands_node.dir/build.make:63: CMakeFiles/remote_commands_node.dir/src/remote_commands.cpp.o] Error 1
make[1]: *** [CMakeFiles/Makefile2:781: CMakeFiles/remote_commands_node.dir/all] Error 2
make: *** [Makefile:141: all] Error 2
